Using pre-set license
Built from '2021.1/staging' branch; Version is '2021.1.5f1 (3737af19df53) revision 3618735'; Using compiler version '192528614'; Build Type 'Release'
OS: 'Windows 10 Pro; OS build 19041.1348; Version 2004; 64bit' Language: 'ru' Physical Memory: 4012 MB
BatchMode: 1, IsHumanControllingUs: 0, StartBugReporterOnCrash: 0, Is64bit: 1, IsPro: 0

 COMMAND LINE ARGUMENTS:
D:\UnityHub\2021.1.5f1\Editor\Unity.exe
-adb2
-batchMode
-noUpm
-name
AssetImportWorker0
-projectPath
D:/UnityHub/projects/whack a mole
-logFile
Logs/AssetImportWorker0.log
-srvPort
62262
Successfully changed project path to: D:/UnityHub/projects/whack a mole
D:/UnityHub/projects/whack a mole
Using Asset Import Pipeline V2.
Refreshing native plugins compatible for Editor in 154.94 ms, found 1 plugins.
Preloading 0 native plugins for Editor in 0.00 ms.
Initialize engine version: 2021.1.5f1 (3737af19df53)
[Subsystems] Discovering subsystems at path D:/UnityHub/2021.1.5f1/Editor/Data/Resources/UnitySubsystems
[Subsystems] Discovering subsystems at path D:/UnityHub/projects/whack a mole/Assets
GfxDevice: creating device client; threaded=0; jobified=0
Direct3D:
    Version:  Direct3D 11.0 [level 11.1]
    Renderer: AMD Radeon (TM) R5 M330 (ID=0x6660)
    Vendor:   ATI
    VRAM:     2039 MB
    Driver:   27.20.1034.6
Initialize mono
Mono path[0] = 'D:/UnityHub/2021.1.5f1/Editor/Data/Managed'
Mono path[1] = 'D:/UnityHub/2021.1.5f1/Editor/Data/MonoBleedingEdge/lib/mono/unityjit'
Mono config path = 'D:/UnityHub/2021.1.5f1/Editor/Data/MonoBleedingEdge/etc'
Using monoOptions --debugger-agent=transport=dt_socket,embedding=1,server=y,suspend=n,address=127.0.0.1:56740
Begin MonoManager ReloadAssembly
Registering precompiled unity dll's ...
Register platform support module: D:/UnityHub/2021.1.5f1/Editor/Data/PlaybackEngines/WindowsStandaloneSupport/UnityEditor.WindowsStandalone.Extensions.dll
Registered in 0.003651 seconds.
Native extension for WindowsStandalone target not found
Refreshing native plugins compatible for Editor in 107.63 ms, found 1 plugins.
Preloading 0 native plugins for Editor in 0.00 ms.
Mono: successfully reloaded assembly
- Completed reload, in  4.955 seconds
Platform modules already initialized, skipping
Registering precompiled user dll's ...
Registered in 0.012372 seconds.
Begin MonoManager ReloadAssembly
Native extension for WindowsStandalone target not found
Refreshing native plugins compatible for Editor in 0.65 ms, found 1 plugins.
Preloading 0 native plugins for Editor in 0.00 ms.
Mono: successfully reloaded assembly
- Completed reload, in  1.364 seconds
Platform modules already initialized, skipping
========================================================================
Worker process is ready to serve import requests
Launched and connected shader compiler UnityShaderCompiler.exe after 0.12 seconds
Refreshing native plugins compatible for Editor in 0.85 ms, found 1 plugins.
Preloading 0 native plugins for Editor in 0.00 ms.
Unloading 2672 Unused Serialized files (Serialized files now loaded: 0)
System memory in use before: 173.6 MB.
System memory in use after: 173.8 MB.

Unloading 15 unused Assets to reduce memory usage. Loaded Objects now: 3125.
Total: 3.499700 ms (FindLiveObjects: 0.346400 ms CreateObjectMapping: 0.175100 ms MarkObjects: 2.868900 ms  DeleteObjects: 0.107000 ms)

========================================================================
Received Import Request.
  path: Assets/PlayerController.cs
  artifactKey: Guid(0aa0ce73834ee40499bbb542a231c3a2) Importer(815301076,1909f56bfc062723c751e8b465ee728b)
Start importing Assets/PlayerController.cs using Guid(0aa0ce73834ee40499bbb542a231c3a2) Importer(815301076,1909f56bfc062723c751e8b465ee728b)  -> (artifact id: 'bf567d396c572c1a9505482eae1a73c3') in 0.066201 seconds 
========================================================================
Received Import Request.
  Time since last request: 3.143262 seconds.
  path: Assets/Gamecontroller.cs
  artifactKey: Guid(e2056e8e314ccd340bb75ebdeb23e94e) Importer(815301076,1909f56bfc062723c751e8b465ee728b)
Start importing Assets/Gamecontroller.cs using Guid(e2056e8e314ccd340bb75ebdeb23e94e) Importer(815301076,1909f56bfc062723c751e8b465ee728b)  -> (artifact id: '967ebaebc29dccb34aecf44e089617ff') in 0.003915 seconds 
========================================================================
Received Import Request.
  Time since last request: 5.374010 seconds.
  path: Assets/Hammer.cs
  artifactKey: Guid(5cd793bcd5db6a647911a2b1c13eace7) Importer(815301076,1909f56bfc062723c751e8b465ee728b)
Start importing Assets/Hammer.cs using Guid(5cd793bcd5db6a647911a2b1c13eace7) Importer(815301076,1909f56bfc062723c751e8b465ee728b)  -> (artifact id: 'cd558be1ce50ff7efafc44b4e07f30d9') in 0.006365 seconds 
========================================================================
Received Prepare
Registering precompiled user dll's ...
Registered in 0.005625 seconds.
Begin MonoManager ReloadAssembly
Native extension for WindowsStandalone target not found
Refreshing native plugins compatible for Editor in 0.63 ms, found 1 plugins.
Preloading 0 native plugins for Editor in 0.00 ms.
Mono: successfully reloaded assembly
- Completed reload, in  1.922 seconds
Platform modules already initialized, skipping
Refreshing native plugins compatible for Editor in 0.63 ms, found 1 plugins.
Preloading 0 native plugins for Editor in 0.00 ms.
Unloading 2664 Unused Serialized files (Serialized files now loaded: 0)
System memory in use before: 173.5 MB.
System memory in use after: 173.7 MB.

Unloading 13 unused Assets to reduce memory usage. Loaded Objects now: 3125.
Total: 3.109500 ms (FindLiveObjects: 0.442100 ms CreateObjectMapping: 0.206400 ms MarkObjects: 2.361200 ms  DeleteObjects: 0.097900 ms)

========================================================================
Received Import Request.
  Time since last request: 128.384642 seconds.
  path: Assets/scripts/Mole.cs
  artifactKey: Guid(4ccf49447c974784f84504928e8d9148) Importer(815301076,1909f56bfc062723c751e8b465ee728b)
Start importing Assets/scripts/Mole.cs using Guid(4ccf49447c974784f84504928e8d9148) Importer(815301076,1909f56bfc062723c751e8b465ee728b)  -> (artifact id: '62c0c173ea1a8e8ba590edf3c36a0af4') in 0.222664 seconds 
========================================================================
Received Import Request.
  Time since last request: 262.509386 seconds.
  path: Assets/scripts/Hammer.cs
  artifactKey: Guid(163c8980d05ff2e479abd7dcd30fda81) Importer(815301076,1909f56bfc062723c751e8b465ee728b)
Start importing Assets/scripts/Hammer.cs using Guid(163c8980d05ff2e479abd7dcd30fda81) Importer(815301076,1909f56bfc062723c751e8b465ee728b)  -> (artifact id: '3946e9210ac11b187e2e6389d653e4f4') in 0.014853 seconds 
========================================================================
Received Import Request.
  Time since last request: 915.255531 seconds.
  path: ProjectSettings/TagManager.asset
  artifactKey: Guid(00000000000000003000000000000000) Importer(815301076,1909f56bfc062723c751e8b465ee728b)
Start importing ProjectSettings/TagManager.asset using Guid(00000000000000003000000000000000) Importer(815301076,1909f56bfc062723c751e8b465ee728b)  -> (artifact id: 'ce6a35c3cddc746e7501c0bd0ed6d4ce') in 0.608036 seconds 
========================================================================
Received Prepare
Registering precompiled user dll's ...
Registered in 0.007478 seconds.
Begin MonoManager ReloadAssembly
Native extension for WindowsStandalone target not found
Refreshing native plugins compatible for Editor in 0.83 ms, found 1 plugins.
Preloading 0 native plugins for Editor in 0.00 ms.
Mono: successfully reloaded assembly
- Completed reload, in  2.033 seconds
Platform modules already initialized, skipping
Refreshing native plugins compatible for Editor in 0.67 ms, found 1 plugins.
Preloading 0 native plugins for Editor in 0.00 ms.
Unloading 2664 Unused Serialized files (Serialized files now loaded: 0)
System memory in use before: 173.6 MB.
System memory in use after: 173.8 MB.

Unloading 11 unused Assets to reduce memory usage. Loaded Objects now: 3128.
Total: 14.364500 ms (FindLiveObjects: 0.930700 ms CreateObjectMapping: 0.283700 ms MarkObjects: 12.254600 ms  DeleteObjects: 0.892600 ms)

========================================================================
Received Prepare
Registering precompiled user dll's ...
Registered in 0.009007 seconds.
Begin MonoManager ReloadAssembly
Native extension for WindowsStandalone target not found
Refreshing native plugins compatible for Editor in 0.94 ms, found 1 plugins.
Preloading 0 native plugins for Editor in 0.00 ms.
Mono: successfully reloaded assembly
- Completed reload, in  2.139 seconds
Platform modules already initialized, skipping
Refreshing native plugins compatible for Editor in 0.95 ms, found 1 plugins.
Preloading 0 native plugins for Editor in 0.00 ms.
Unloading 2664 Unused Serialized files (Serialized files now loaded: 0)
System memory in use before: 173.6 MB.
System memory in use after: 173.8 MB.

Unloading 10 unused Assets to reduce memory usage. Loaded Objects now: 3131.
Total: 4.584500 ms (FindLiveObjects: 0.516900 ms CreateObjectMapping: 0.250000 ms MarkObjects: 3.431700 ms  DeleteObjects: 0.382900 ms)

========================================================================
Received Prepare
Registering precompiled user dll's ...
Registered in 0.008511 seconds.
Begin MonoManager ReloadAssembly
Native extension for WindowsStandalone target not found
Refreshing native plugins compatible for Editor in 0.81 ms, found 1 plugins.
Preloading 0 native plugins for Editor in 0.00 ms.
Mono: successfully reloaded assembly
- Completed reload, in  2.393 seconds
Platform modules already initialized, skipping
Refreshing native plugins compatible for Editor in 1.37 ms, found 1 plugins.
Preloading 0 native plugins for Editor in 0.00 ms.
Unloading 2664 Unused Serialized files (Serialized files now loaded: 0)
System memory in use before: 173.6 MB.
System memory in use after: 173.8 MB.

Unloading 10 unused Assets to reduce memory usage. Loaded Objects now: 3134.
Total: 50.711100 ms (FindLiveObjects: 0.566400 ms CreateObjectMapping: 0.283400 ms MarkObjects: 49.180400 ms  DeleteObjects: 0.677600 ms)

========================================================================
Received Prepare
Registering precompiled user dll's ...
Registered in 0.006491 seconds.
Begin MonoManager ReloadAssembly
Native extension for WindowsStandalone target not found
Refreshing native plugins compatible for Editor in 0.92 ms, found 1 plugins.
Preloading 0 native plugins for Editor in 0.00 ms.
Mono: successfully reloaded assembly
- Completed reload, in  1.481 seconds
Platform modules already initialized, skipping
Refreshing native plugins compatible for Editor in 0.74 ms, found 1 plugins.
Preloading 0 native plugins for Editor in 0.00 ms.
Unloading 2664 Unused Serialized files (Serialized files now loaded: 0)
System memory in use before: 173.6 MB.
System memory in use after: 173.8 MB.

Unloading 10 unused Assets to reduce memory usage. Loaded Objects now: 3137.
Total: 3.432900 ms (FindLiveObjects: 0.602800 ms CreateObjectMapping: 0.370800 ms MarkObjects: 2.265500 ms  DeleteObjects: 0.190400 ms)

========================================================================
Received Prepare
Registering precompiled user dll's ...
Registered in 0.008860 seconds.
Begin MonoManager ReloadAssembly
Native extension for WindowsStandalone target not found
Refreshing native plugins compatible for Editor in 1.10 ms, found 1 plugins.
Preloading 0 native plugins for Editor in 0.00 ms.
Mono: successfully reloaded assembly
- Completed reload, in  1.320 seconds
Platform modules already initialized, skipping
Refreshing native plugins compatible for Editor in 0.62 ms, found 1 plugins.
Preloading 0 native plugins for Editor in 0.00 ms.
Unloading 2664 Unused Serialized files (Serialized files now loaded: 0)
System memory in use before: 173.6 MB.
System memory in use after: 173.8 MB.

Unloading 10 unused Assets to reduce memory usage. Loaded Objects now: 3140.
Total: 3.348400 ms (FindLiveObjects: 0.315000 ms CreateObjectMapping: 0.158500 ms MarkObjects: 2.561600 ms  DeleteObjects: 0.311800 ms)

========================================================================
Received Prepare
Registering precompiled user dll's ...
Registered in 0.008090 seconds.
Begin MonoManager ReloadAssembly
Native extension for WindowsStandalone target not found
Refreshing native plugins compatible for Editor in 0.75 ms, found 1 plugins.
Preloading 0 native plugins for Editor in 0.00 ms.
Mono: successfully reloaded assembly
- Completed reload, in  1.467 seconds
Platform modules already initialized, skipping
Refreshing native plugins compatible for Editor in 1.00 ms, found 1 plugins.
Preloading 0 native plugins for Editor in 0.00 ms.
Unloading 2664 Unused Serialized files (Serialized files now loaded: 0)
System memory in use before: 173.6 MB.
System memory in use after: 173.8 MB.

Unloading 10 unused Assets to reduce memory usage. Loaded Objects now: 3143.
Total: 11.199200 ms (FindLiveObjects: 2.890900 ms CreateObjectMapping: 0.260700 ms MarkObjects: 7.778500 ms  DeleteObjects: 0.267100 ms)

========================================================================
Received Prepare
Registering precompiled user dll's ...
Registered in 0.015652 seconds.
Begin MonoManager ReloadAssembly
Native extension for WindowsStandalone target not found
Refreshing native plugins compatible for Editor in 0.66 ms, found 1 plugins.
Preloading 0 native plugins for Editor in 0.00 ms.
Mono: successfully reloaded assembly
- Completed reload, in  1.450 seconds
Platform modules already initialized, skipping
Refreshing native plugins compatible for Editor in 0.63 ms, found 1 plugins.
Preloading 0 native plugins for Editor in 0.00 ms.
Unloading 2664 Unused Serialized files (Serialized files now loaded: 0)
System memory in use before: 173.6 MB.
System memory in use after: 173.8 MB.

Unloading 10 unused Assets to reduce memory usage. Loaded Objects now: 3146.
Total: 13.049800 ms (FindLiveObjects: 1.029000 ms CreateObjectMapping: 0.249300 ms MarkObjects: 10.602400 ms  DeleteObjects: 1.167000 ms)

========================================================================
Received Prepare
Registering precompiled user dll's ...
Registered in 0.003388 seconds.
Begin MonoManager ReloadAssembly
Native extension for WindowsStandalone target not found
Refreshing native plugins compatible for Editor in 0.95 ms, found 1 plugins.
Preloading 0 native plugins for Editor in 0.00 ms.
Mono: successfully reloaded assembly
- Completed reload, in  3.578 seconds
Platform modules already initialized, skipping
Refreshing native plugins compatible for Editor in 0.94 ms, found 1 plugins.
Preloading 0 native plugins for Editor in 0.00 ms.
Unloading 2664 Unused Serialized files (Serialized files now loaded: 0)
System memory in use before: 173.6 MB.
System memory in use after: 173.8 MB.

Unloading 10 unused Assets to reduce memory usage. Loaded Objects now: 3149.
Total: 7.583100 ms (FindLiveObjects: 0.621900 ms CreateObjectMapping: 0.263100 ms MarkObjects: 5.908600 ms  DeleteObjects: 0.786700 ms)

========================================================================
Received Prepare
Registering precompiled user dll's ...
Registered in 0.018100 seconds.
Begin MonoManager ReloadAssembly
Native extension for WindowsStandalone target not found
Refreshing native plugins compatible for Editor in 0.64 ms, found 1 plugins.
Preloading 0 native plugins for Editor in 0.00 ms.
Mono: successfully reloaded assembly
- Completed reload, in  2.321 seconds
Platform modules already initialized, skipping
Refreshing native plugins compatible for Editor in 0.60 ms, found 1 plugins.
Preloading 0 native plugins for Editor in 0.00 ms.
Unloading 2664 Unused Serialized files (Serialized files now loaded: 0)
System memory in use before: 173.7 MB.
System memory in use after: 173.8 MB.

Unloading 10 unused Assets to reduce memory usage. Loaded Objects now: 3152.
Total: 11.394200 ms (FindLiveObjects: 0.389900 ms CreateObjectMapping: 0.241600 ms MarkObjects: 9.821700 ms  DeleteObjects: 0.939100 ms)

========================================================================
Received Prepare
Registering precompiled user dll's ...
Registered in 0.015241 seconds.
Begin MonoManager ReloadAssembly
Native extension for WindowsStandalone target not found
Refreshing native plugins compatible for Editor in 1.00 ms, found 1 plugins.
Preloading 0 native plugins for Editor in 0.00 ms.
Mono: successfully reloaded assembly
- Completed reload, in  1.900 seconds
Platform modules already initialized, skipping
Refreshing native plugins compatible for Editor in 0.86 ms, found 1 plugins.
Preloading 0 native plugins for Editor in 0.00 ms.
Unloading 2664 Unused Serialized files (Serialized files now loaded: 0)
System memory in use before: 173.7 MB.
System memory in use after: 173.9 MB.

Unloading 10 unused Assets to reduce memory usage. Loaded Objects now: 3155.
Total: 4.373500 ms (FindLiveObjects: 0.329300 ms CreateObjectMapping: 0.166300 ms MarkObjects: 3.505200 ms  DeleteObjects: 0.370900 ms)

========================================================================
Received Prepare
Registering precompiled user dll's ...
Registered in 0.015694 seconds.
Begin MonoManager ReloadAssembly
Native extension for WindowsStandalone target not found
Refreshing native plugins compatible for Editor in 0.80 ms, found 1 plugins.
Preloading 0 native plugins for Editor in 0.00 ms.
Mono: successfully reloaded assembly
- Completed reload, in  2.054 seconds
Platform modules already initialized, skipping
Refreshing native plugins compatible for Editor in 0.61 ms, found 1 plugins.
Preloading 0 native plugins for Editor in 0.00 ms.
Unloading 2664 Unused Serialized files (Serialized files now loaded: 0)
System memory in use before: 173.7 MB.
System memory in use after: 173.9 MB.

Unloading 10 unused Assets to reduce memory usage. Loaded Objects now: 3158.
Total: 7.157700 ms (FindLiveObjects: 0.551600 ms CreateObjectMapping: 0.481100 ms MarkObjects: 5.624500 ms  DeleteObjects: 0.497600 ms)

========================================================================
Received Import Request.
  Time since last request: 3590.506399 seconds.
  path: Assets/scripts/Gamecontroller.cs
  artifactKey: Guid(3f2df51ade406244ab33f5911d2b3afd) Importer(815301076,1909f56bfc062723c751e8b465ee728b)
Start importing Assets/scripts/Gamecontroller.cs using Guid(3f2df51ade406244ab33f5911d2b3afd) Importer(815301076,1909f56bfc062723c751e8b465ee728b)  -> (artifact id: 'f65de39cb5f4be89242107cb2cbe6f6d') in 0.013117 seconds 
========================================================================
Received Prepare
Registering precompiled user dll's ...
Registered in 0.006091 seconds.
Begin MonoManager ReloadAssembly
Native extension for WindowsStandalone target not found
Refreshing native plugins compatible for Editor in 0.76 ms, found 1 plugins.
Preloading 0 native plugins for Editor in 0.00 ms.
Mono: successfully reloaded assembly
- Completed reload, in  1.628 seconds
Platform modules already initialized, skipping
Refreshing native plugins compatible for Editor in 0.81 ms, found 1 plugins.
Preloading 0 native plugins for Editor in 0.00 ms.
Unloading 2664 Unused Serialized files (Serialized files now loaded: 0)
System memory in use before: 173.7 MB.
System memory in use after: 173.9 MB.

Unloading 10 unused Assets to reduce memory usage. Loaded Objects now: 3161.
Total: 6.936300 ms (FindLiveObjects: 0.370700 ms CreateObjectMapping: 0.240200 ms MarkObjects: 5.879000 ms  DeleteObjects: 0.444700 ms)

========================================================================
Received Prepare
Registering precompiled user dll's ...
Registered in 0.013540 seconds.
Begin MonoManager ReloadAssembly
Native extension for WindowsStandalone target not found
Refreshing native plugins compatible for Editor in 1.15 ms, found 1 plugins.
Preloading 0 native plugins for Editor in 0.00 ms.
Mono: successfully reloaded assembly
- Completed reload, in  2.021 seconds
Platform modules already initialized, skipping
Refreshing native plugins compatible for Editor in 0.61 ms, found 1 plugins.
Preloading 0 native plugins for Editor in 0.00 ms.
Unloading 2664 Unused Serialized files (Serialized files now loaded: 0)
System memory in use before: 173.7 MB.
System memory in use after: 173.9 MB.

Unloading 10 unused Assets to reduce memory usage. Loaded Objects now: 3164.
Total: 7.629800 ms (FindLiveObjects: 0.311600 ms CreateObjectMapping: 0.506500 ms MarkObjects: 5.209500 ms  DeleteObjects: 1.600400 ms)

========================================================================
Received Prepare
Registering precompiled user dll's ...
Registered in 0.004617 seconds.
Begin MonoManager ReloadAssembly
Native extension for WindowsStandalone target not found
Refreshing native plugins compatible for Editor in 1.21 ms, found 1 plugins.
Preloading 0 native plugins for Editor in 0.00 ms.
Mono: successfully reloaded assembly
- Completed reload, in  1.527 seconds
Platform modules already initialized, skipping
Refreshing native plugins compatible for Editor in 0.66 ms, found 1 plugins.
Preloading 0 native plugins for Editor in 0.00 ms.
Unloading 2664 Unused Serialized files (Serialized files now loaded: 0)
System memory in use before: 173.7 MB.
System memory in use after: 173.9 MB.

Unloading 10 unused Assets to reduce memory usage. Loaded Objects now: 3167.
Total: 6.924300 ms (FindLiveObjects: 0.415000 ms CreateObjectMapping: 0.202000 ms MarkObjects: 6.234000 ms  DeleteObjects: 0.071400 ms)

========================================================================
Received Prepare
Registering precompiled user dll's ...
Registered in 0.023418 seconds.
Begin MonoManager ReloadAssembly
Native extension for WindowsStandalone target not found
Refreshing native plugins compatible for Editor in 1.22 ms, found 1 plugins.
Preloading 0 native plugins for Editor in 0.00 ms.
Mono: successfully reloaded assembly
- Completed reload, in  2.886 seconds
Platform modules already initialized, skipping
Refreshing native plugins compatible for Editor in 0.61 ms, found 1 plugins.
Preloading 0 native plugins for Editor in 0.00 ms.
Unloading 2664 Unused Serialized files (Serialized files now loaded: 0)
System memory in use before: 173.7 MB.
System memory in use after: 173.9 MB.

Unloading 10 unused Assets to reduce memory usage. Loaded Objects now: 3170.
Total: 14.779200 ms (FindLiveObjects: 1.040200 ms CreateObjectMapping: 0.454500 ms MarkObjects: 11.983600 ms  DeleteObjects: 1.298300 ms)

========================================================================
Received Import Request.
  Time since last request: 1815.898663 seconds.
  path: Assets/scripts/PlayerController.cs
  artifactKey: Guid(eed7bea54945d6a4f920c9417f319a39) Importer(815301076,1909f56bfc062723c751e8b465ee728b)
Start importing Assets/scripts/PlayerController.cs using Guid(eed7bea54945d6a4f920c9417f319a39) Importer(815301076,1909f56bfc062723c751e8b465ee728b)  -> (artifact id: 'e1d6082330e3dd096f40df457f6a0665') in 0.023235 seconds 
========================================================================
Received Import Request.
  Time since last request: 85.654809 seconds.
  path: Assets/scripts/Hammer.cs
  artifactKey: Guid(163c8980d05ff2e479abd7dcd30fda81) Importer(815301076,1909f56bfc062723c751e8b465ee728b)
Start importing Assets/scripts/Hammer.cs using Guid(163c8980d05ff2e479abd7dcd30fda81) Importer(815301076,1909f56bfc062723c751e8b465ee728b)  -> (artifact id: '77b04bf5981d60f9c625900a18a7d646') in 0.002394 seconds 
